[22:42:09] [Client thread/ERROR]: Can't find the resource index file: E:\Programming\Java\XIV\minecraft-directory\assets\indexes\1.8.json
[22:42:09] [Client thread/INFO]: Setting user: d
[22:42:09] [Client thread/INFO]: (Session ID is token:d:d)
[22:42:11] [Client thread/INFO]: == Begin XIV setup == 
[22:42:11] [Client thread/INFO]: Starting to setup AltManager.
[22:42:11] [Client thread/INFO]: Successfully setup AltManager.
[22:42:11] [Client thread/INFO]: Starting to setup CommandManager...
[22:42:11] [Client thread/INFO]: Successfully setup CommandManager.
[22:42:11] [Client thread/INFO]: Starting to setup ListenerManager...
[22:42:11] [Client thread/INFO]: Successfully setup ListenerManager.
[22:42:11] [Client thread/INFO]: Starting to setup ModManager...
[22:42:11] [Client thread/INFO]: Successfully setup ModManager.
[22:42:11] [Client thread/INFO]: Starting to setup FriendManager...
[22:42:11] [Client thread/INFO]: Successfully setup FriendManager.
[22:42:11] [Client thread/INFO]: Starting to setup FileManager.
[22:42:11] [Client thread/WARN]: AutoHead was attempted to be removed when it's not in the list.
[22:42:11] [Client thread/WARN]:  was attempted to be removed when it's not in the list.
[22:42:11] [Client thread/WARN]:  was attempted to be removed when it's not in the list.
[22:42:11] [Client thread/WARN]: Fly was attempted to be removed when it's not in the list.
[22:42:11] [Client thread/WARN]:  was attempted to be removed when it's not in the list.
[22:42:11] [Client thread/WARN]:  was attempted to be removed when it's not in the list.
[22:42:11] [Client thread/WARN]:  was attempted to be removed when it's not in the list.
[22:42:11] [Client thread/WARN]: HUD was attempted to be added when it's already in the list.
[22:42:11] [Client thread/WARN]: InventoryWalk was attempted to be removed when it's not in the list.
[22:42:11] [Client thread/WARN]:  was attempted to be removed when it's not in the list.
[22:42:11] [Client thread/WARN]:  was attempted to be removed when it's not in the list.
[22:42:11] [Client thread/WARN]:  was attempted to be added when it's already in the list.
[22:42:11] [Client thread/WARN]:  was attempted to be added when it's already in the list.
[22:42:11] [Client thread/WARN]: NoFall was attempted to be removed when it's not in the list.
[22:42:11] [Client thread/WARN]:  was attempted to be added when it's already in the list.
[22:42:11] [Client thread/WARN]:  was attempted to be added when it's already in the list.
[22:42:11] [Client thread/WARN]: Regen was attempted to be removed when it's not in the list.
[22:42:11] [Client thread/WARN]: Speed was attempted to be removed when it's not in the list.
[22:42:11] [Client thread/WARN]:  was attempted to be removed when it's not in the list.
[22:42:11] [Client thread/WARN]:  was attempted to be removed when it's not in the list.
[22:42:11] [Client thread/WARN]: Sprint was attempted to be removed when it's not in the list.
[22:42:11] [Client thread/WARN]: Step was attempted to be removed when it's not in the list.
[22:42:11] [Client thread/WARN]:  was attempted to be removed when it's not in the list.
[22:42:11] [Client thread/WARN]: StorageESP was attempted to be removed when it's not in the list.
[22:42:11] [Client thread/WARN]: Velocity was attempted to be removed when it's not in the list.
[22:42:11] [Client thread/WARN]: Zoot was attempted to be removed when it's not in the list.
[22:42:11] [Client thread/WARN]: TabGUI was attempted to be removed when it's not in the list.
[22:42:11] [Client thread/WARN]: ClickGUI was attempted to be removed when it's not in the list.
[22:42:11] [Client thread/INFO]: Successfully setup FileManager.
[22:42:11] [Client thread/INFO]: ==  End XIV setup  == 
[22:42:11] [Client thread/INFO]: LWJGL Version: 2.9.1
[22:42:11] [Client thread/INFO]: Reloading ResourceManager: Default
[22:42:11] [Sound Library Loader/INFO]: Starting up SoundSystem...
[22:42:12] [Thread-7/INFO]: Initializing LWJGL OpenAL
[22:42:12] [Thread-7/INFO]: (The LWJGL binding of OpenAL.  For more information, see http://www.lwjgl.org)
[22:42:12] [Thread-7/INFO]: OpenAL initialized.
[22:42:12] [Sound Library Loader/INFO]: Sound engine started
[22:42:13] [Client thread/ERROR]: Using missing texture, unable to load minecraft:mcpatcher/ctm/default/empty.png, java.io.FileNotFoundException
[22:42:14] [Client thread/INFO]: Created: 512x512 textures-atlas
[22:42:18] [Client thread/WARN]: Unable to play unknown soundEvent: minecraft:gui.button.press
[22:42:19] [Client thread/WARN]: Unable to play unknown soundEvent: minecraft:gui.button.press
[22:42:19] [Thread-10/INFO]: Logging in with username & password
[22:42:20] [Client thread/WARN]: Unable to play unknown soundEvent: minecraft:music.menu
[22:42:20] [Client thread/WARN]: Unable to play unknown soundEvent: minecraft:gui.button.press
[22:42:21] [Client thread/WARN]: Unable to play unknown soundEvent: minecraft:gui.button.press
[22:42:22] [Client thread/WARN]: Unable to play unknown soundEvent: minecraft:gui.button.press
[22:42:25] [Client thread/WARN]: Unable to play unknown soundEvent: minecraft:music.menu
[22:42:26] [Client thread/INFO]: Connecting to ncp.odiegaming.com, 25565
[22:42:26] [Client thread/ERROR]: Failed to save options
java.io.FileNotFoundException: E:\Programming\Java\XIV\minecraft-directory\options.txt (The device is not ready)
	at java.io.FileOutputStream.open0(Native Method) ~[?:1.8.0_51]
	at java.io.FileOutputStream.open(FileOutputStream.java:270) ~[?:1.8.0_51]
	at java.io.FileOutputStream.<init>(FileOutputStream.java:213) ~[?:1.8.0_51]
	at java.io.FileOutputStream.<init>(FileOutputStream.java:162) ~[?:1.8.0_51]
	at java.io.FileWriter.<init>(FileWriter.java:90) ~[?:1.8.0_51]
	at net.minecraft.client.settings.GameSettings.saveOptions(GameSettings.java:1269) [classes/:?]
	at net.minecraft.client.gui.GuiScreenServerList.onGuiClosed(GuiScreenServerList.java:52) [classes/:?]
	at net.minecraft.client.Minecraft.displayGuiScreen(Minecraft.java:979) [classes/:?]
	at net.minecraft.client.gui.GuiMultiplayer.connectToServer(GuiMultiplayer.java:392) [classes/:?]
	at net.minecraft.client.gui.GuiMultiplayer.confirmClicked(GuiMultiplayer.java:216) [classes/:?]
	at net.minecraft.client.gui.GuiScreenServerList.actionPerformed(GuiScreenServerList.java:66) [classes/:?]
	at net.minecraft.client.gui.GuiScreenServerList.keyTyped(GuiScreenServerList.java:83) [classes/:?]
	at net.minecraft.client.gui.GuiScreen.handleKeyboardInput(GuiScreen.java:611) [classes/:?]
	at net.minecraft.client.gui.GuiScreen.handleInput(GuiScreen.java:562) [classes/:?]
	at net.minecraft.client.Minecraft.runTick(Minecraft.java:1779) [classes/:?]
	at net.minecraft.client.Minecraft.runGameLoop(Minecraft.java:1112) [classes/:?]
	at net.minecraft.client.Minecraft.run(Minecraft.java:418) [classes/:?]
	at net.minecraft.client.main.Main.main(Main.java:115) [classes/:?]
	at pw.latematt.xiv.main.XIVMain.main(XIVMain.java:11) [classes/:?]
	at sun.reflect.NativeMethodAccessorImpl.invoke0(Native Method) ~[?:1.8.0_51]
	at sun.reflect.NativeMethodAccessorImpl.invoke(NativeMethodAccessorImpl.java:62) ~[?:1.8.0_51]
	at sun.reflect.DelegatingMethodAccessorImpl.invoke(DelegatingMethodAccessorImpl.java:43) ~[?:1.8.0_51]
	at java.lang.reflect.Method.invoke(Method.java:497) ~[?:1.8.0_51]
	at com.intellij.rt.execution.application.AppMain.main(AppMain.java:140) [idea_rt.jar:?]
[22:42:27] [Client thread/INFO]: [CHAT]                                      
[22:42:27] [Client thread/INFO]: [CHAT] PvPLogging prevented by JackProehl's [CombatLog] plugin.
[22:42:27] [Client thread/INFO]: [CHAT] [TestNCP] Your inputs: tumourhumour
[22:42:27] [Client thread/INFO]: [CHAT] TumourHumour joined the game.
[22:42:28] [Client thread/INFO]: [CHAT] You have 6 messages! Type /mail read to view your mail.
[22:42:28] [Texture Downloader #4/ERROR]: Couldn't download http texture
java.io.IOException: Directory 'E:\Programming\Java\XIV\minecraft-directory\assets\skins\10' could not be created
	at org.apache.commons.io.FileUtils.openOutputStream(FileUtils.java:363) ~[commons-io-2.4.jar:2.4]
	at org.apache.commons.io.FileUtils.openOutputStream(FileUtils.java:326) ~[commons-io-2.4.jar:2.4]
	at org.apache.commons.io.FileUtils.copyInputStreamToFile(FileUtils.java:1510) ~[commons-io-2.4.jar:2.4]
	at net.minecraft.client.renderer.ThreadDownloadImageData$1.run(ThreadDownloadImageData.java:134) [classes/:?]
[22:42:29] [Texture Downloader #5/ERROR]: Couldn't download http texture
java.io.IOException: Directory 'E:\Programming\Java\XIV\minecraft-directory\assets\skins\45' could not be created
	at org.apache.commons.io.FileUtils.openOutputStream(FileUtils.java:363) ~[commons-io-2.4.jar:2.4]
	at org.apache.commons.io.FileUtils.openOutputStream(FileUtils.java:326) ~[commons-io-2.4.jar:2.4]
	at org.apache.commons.io.FileUtils.copyInputStreamToFile(FileUtils.java:1510) ~[commons-io-2.4.jar:2.4]
	at net.minecraft.client.renderer.ThreadDownloadImageData$1.run(ThreadDownloadImageData.java:134) [classes/:?]
[22:42:29] [Texture Downloader #6/ERROR]: Couldn't download http texture
java.io.IOException: Directory 'E:\Programming\Java\XIV\minecraft-directory\assets\skins\ba' could not be created
	at org.apache.commons.io.FileUtils.openOutputStream(FileUtils.java:363) ~[commons-io-2.4.jar:2.4]
	at org.apache.commons.io.FileUtils.openOutputStream(FileUtils.java:326) ~[commons-io-2.4.jar:2.4]
	at org.apache.commons.io.FileUtils.copyInputStreamToFile(FileUtils.java:1510) ~[commons-io-2.4.jar:2.4]
	at net.minecraft.client.renderer.ThreadDownloadImageData$1.run(ThreadDownloadImageData.java:134) [classes/:?]
[22:42:30] [Client thread/INFO]: [CHAT] [Member] AnalRape: Ill pay you 100$
[22:42:33] [Client thread/INFO]: [CHAT] [Developer] LordC0der: uwut8
[22:42:34] [Client thread/INFO]: [CHAT] [Member] AnalRape: to code a bot for me
[22:42:34] [Client thread/INFO]: [CHAT] [Developer] bjones1: $100 4 what
[22:42:37] [Client thread/INFO]: [CHAT] [Developer] bjones1: who
[22:42:40] [Client thread/WARN]: Unable to play unknown soundEvent: minecraft:music.game
[22:42:43] [Client thread/WARN]: Unable to play unknown soundEvent: minecraft:liquid.lavapop
[22:42:43] [Client thread/INFO]: [CHAT] [Member] AnalRape: ill talk to you on skype
[22:42:43] [Client thread/WARN]: Unable to play unknown soundEvent: minecraft:liquid.lava
[22:42:43] [Client thread/WARN]: Unable to play unknown soundEvent: minecraft:liquid.lavapop
[22:42:44] [Client thread/WARN]: Unable to play unknown soundEvent: minecraft:liquid.water
[22:42:44] [Client thread/WARN]: Unable to play unknown soundEvent: minecraft:liquid.lava
[22:42:44] [Client thread/INFO]: [CHAT] [Developer] bjones1: fuck u lategoat
[22:42:45] [Client thread/INFO]: [CHAT] [Member] AnalRape: k?
[22:42:45] [Client thread/WARN]: Unable to play unknown soundEvent: minecraft:liquid.lavapop
[22:42:45] [Client thread/WARN]: Unable to play unknown soundEvent: minecraft:fire.fire
[22:42:46] [Client thread/INFO]: [CHAT] [Developer] bjones1: i hope u get
[22:42:46] [Client thread/WARN]: Unable to play unknown soundEvent: minecraft:fire.fire
[22:42:46] [Client thread/WARN]: Unable to play unknown soundEvent: minecraft:fire.fire
[22:42:47] [Client thread/INFO]: [CHAT] [Developer] bjones1: cancer
[22:42:47] [Client thread/WARN]: Unable to play unknown soundEvent: minecraft:fire.fire
[22:42:48] [Client thread/WARN]: Unable to play unknown soundEvent: minecraft:liquid.lava
[22:42:48] [Client thread/INFO]: [CHAT] [Developer] bjones1: die
[22:42:50] [Client thread/INFO]: [CHAT] [Developer] bjones1: and ur mom rapes u
[22:42:52] [Client thread/INFO]: [CHAT] [Developer] bjones1: at night
[22:42:53] [Client thread/WARN]: Unable to play unknown soundEvent: minecraft:liquid.lava
[22:42:54] [Client thread/WARN]: Unable to play unknown soundEvent: minecraft:liquid.lavapop
[22:42:54] [Client thread/INFO]: [CHAT] [Developer] bjones1: with her penis
[22:42:54] [Client thread/WARN]: Unable to play unknown soundEvent: minecraft:liquid.water
[22:42:55] [Client thread/WARN]: Unable to play unknown soundEvent: minecraft:liquid.water
[22:42:55] [Client thread/WARN]: Unable to play unknown soundEvent: minecraft:liquid.lavapop
[22:42:55] [Client thread/WARN]: Unable to play unknown soundEvent: minecraft:game.player.swim.splash
[22:42:55] [Client thread/WARN]: Unable to play unknown soundEvent: minecraft:liquid.water
[22:42:55] [Client thread/WARN]: Unable to play unknown soundEvent: minecraft:liquid.lavapop
[22:42:56] [Client thread/WARN]: Unable to play unknown soundEvent: minecraft:liquid.lavapop
[22:42:56] [Client thread/INFO]: [CHAT] [Developer] bjones1: at night
[22:42:56] [Client thread/INFO]: [CHAT] Tashii joined the game.
[22:42:58] [Client thread/INFO]: [CHAT] [Developer] bjones1: n ur bed
[22:43:00] [Texture Downloader #9/ERROR]: Couldn't download http texture
java.io.IOException: Directory 'E:\Programming\Java\XIV\minecraft-directory\assets\skins\b9' could not be created
	at org.apache.commons.io.FileUtils.openOutputStream(FileUtils.java:363) ~[commons-io-2.4.jar:2.4]
	at org.apache.commons.io.FileUtils.openOutputStream(FileUtils.java:326) ~[commons-io-2.4.jar:2.4]
	at org.apache.commons.io.FileUtils.copyInputStreamToFile(FileUtils.java:1510) ~[commons-io-2.4.jar:2.4]
	at net.minecraft.client.renderer.ThreadDownloadImageData$1.run(ThreadDownloadImageData.java:134) [classes/:?]
[22:43:00] [Client thread/INFO]: [CHAT] [Developer] bjones1: who anal
[22:43:01] [Client thread/WARN]: Unable to play unknown soundEvent: minecraft:random.door_open
[22:43:01] [Client thread/WARN]: Unable to play unknown soundEvent: minecraft:step.stone
[22:43:01] [Client thread/INFO]: [CHAT] Hey! Sorry, but you can't use that here.
[22:43:01] [Texture Downloader #10/ERROR]: Couldn't download http texture
java.io.IOException: Directory 'E:\Programming\Java\XIV\minecraft-directory\assets\skins\8f' could not be created
	at org.apache.commons.io.FileUtils.openOutputStream(FileUtils.java:363) ~[commons-io-2.4.jar:2.4]
	at org.apache.commons.io.FileUtils.openOutputStream(FileUtils.java:326) ~[commons-io-2.4.jar:2.4]
	at org.apache.commons.io.FileUtils.copyInputStreamToFile(FileUtils.java:1510) ~[commons-io-2.4.jar:2.4]
	at net.minecraft.client.renderer.ThreadDownloadImageData$1.run(ThreadDownloadImageData.java:134) [classes/:?]
[22:43:02] [Client thread/WARN]: Unable to play unknown soundEvent: minecraft:step.stone
[22:43:03] [Client thread/WARN]: Unable to play unknown soundEvent: minecraft:gui.button.press
[22:43:03] [Client thread/WARN]: Unable to play unknown soundEvent: minecraft:gui.button.press
[22:43:03] [Client thread/INFO]: Stopping!
[22:43:03] [Client thread/INFO]: SoundSystem shutting down...
[22:43:03] [Client thread/WARN]: Author: Paul Lamb, www.paulscode.com
